app/build/outputs/logs/manifest-merger-debug-report.txt
-- Merging decision tree log ---
manifest
ADDED from src\main\AndroidManifest.xml:2:1-206:12
INJECTED from src\main\AndroidManifest.xml:2:1-206:12
INJECTED from src\main\AndroidManifest.xml:2:1-206:12
INJECTED from src\main\AndroidManifest.xml:2:1-206:12
MERGED from [com.google.firebase:firebase-core:11.0.0] AndroidManifest.xml:2:1-6:12
MERGED from [net.gotev:uploadservice:3.0] AndroidManifest.xml:2:1-23:12
MERGED from [androidx.constraintlayout:constraintlayout:2.0.0-alpha3] AndroidManifest.xml:2:1-11:12
MERGED from [com.google.android.material:material:1.1.0-alpha05] AndroidManifest.xml:17:1-24:12
MERGED from [androidx.appcompat:appcompat:1.1.0-alpha04] AndroidManifest.xml:17:1-22:12
MERGED from [com.android.volley:volley:1.1.0] AndroidManifest.xml:2:1-11:12
MERGED from [androidx.cardview:cardview:1.0.0] AndroidManifest.xml:17:1-22:12
MERGED from [androidx.recyclerview:recyclerview:1.1.0-alpha02] AndroidManifest.xml:17:1-22:12
MERGED from [com.google.firebase:firebase-messaging:11.0.0] AndroidManifest.xml:16:1-30:12
MERGED from [com.jaredrummler:material-spinner:1.3.1] AndroidManifest.xml:2:1-9:12
MERGED from [com.google.android.gms:play-services-safetynet:11.0.0] AndroidManifest.xml:16:1-19:12
MERGED from [com.google.android.gms:play-services-base:11.0.0] AndroidManifest.xml:16:1-21:12
MERGED from [com.google.firebase:firebase-analytics:11.0.0] AndroidManifest.xml:16:1-35:12
MERGED from [com.google.firebase:firebase-analytics-impl:11.0.0] AndroidManifest.xml:16:1-29:12
MERGED from [com.google.firebase:firebase-iid:11.0.0] AndroidManifest.xml:16:1-50:12
MERGED from [com.google.firebase:firebase-common:11.0.0] AndroidManifest.xml:2:1-8:12
MERGED from [com.google.android.gms:play-services-tasks:11.0.0] AndroidManifest.xml:2:1-5:12
MERGED from [com.google.android.gms:play-services-basement:11.0.0] AndroidManifest.xml:16:1-23:12
MERGED from [androidx.transition:transition:1.0.1] AndroidManifest.xml:17:1-22:12
MERGED from [androidx.appcompat:appcompat-resources:1.1.0-alpha04] AndroidManifest.xml:17:1-22:12
MERGED from [androidx.vectordrawable:vectordrawable-animated:1.1.0-alpha01] AndroidManifest.xml:17:1-22:12
MERGED from [androidx.vectordrawable:vectordrawable:1.1.0-alpha01] AndroidManifest.xml:17:1-22:12
MERGED from [androidx.legacy:legacy-support-v4:1.0.0-rc01] AndroidManifest.xml:17:1-22:12
MERGED from [androidx.media:media:1.0.0-rc01] AndroidManifest.xml:17:1-22:12
MERGED from [androidx.legacy:legacy-support-core-ui:1.0.0] AndroidManifest.xml:17:1-22:12
MERGED from [androidx.cursoradapter:cursoradapter:1.0.0] AndroidManifest.xml:17:1-22:12
MERGED from [androidx.drawerlayout:drawerlayout:1.0.0] AndroidManifest.xml:17:1-22:12
MERGED from [androidx.fragment:fragment:1.1.0-alpha06] AndroidManifest.xml:17:1-22:12
MERGED from [androidx.viewpager:viewpager:1.0.0] AndroidManifest.xml:17:1-22:12
MERGED from [androidx.coordinatorlayout:coordinatorlayout:1.1.0-alpha01] AndroidManifest.xml:17:1-22:12
MERGED from [androidx.slidingpanelayout:slidingpanelayout:1.0.0] AndroidManifest.xml:17:1-22:12
MERGED from [androidx.customview:customview:1.0.0] AndroidManifest.xml:17:1-22:12
MERGED from [androidx.swiperefreshlayout:swiperefreshlayout:1.0.0] AndroidManifest.xml:17:1-22:12
MERGED from [androidx.interpolator:interpolator:1.0.0] AndroidManifest.xml:17:1-22:12
MERGED from [androidx.legacy:legacy-support-core-utils:1.0.0] AndroidManifest.xml:17:1-22:12
MERGED from [androidx.loader:loader:1.0.0] AndroidManifest.xml:17:1-22:12
MERGED from [androidx.activity:activity:1.0.0-alpha06] AndroidManifest.xml:17:1-22:12
MERGED from [androidx.asynclayoutinflater:asynclayoutinflater:1.0.0] AndroidManifest.xml:17:1-22:12
MERGED from [androidx.core:core:1.1.0-alpha05] AndroidManifest.xml:17:1-24:12
MERGED from [androidx.savedstate:savedstate:1.0.0-alpha02] AndroidManifest.xml:17:1-22:12
MERGED from [androidx.lifecycle:lifecycle-livedata:2.0.0] AndroidManifest.xml:17:1-22:12
MERGED from [androidx.lifecycle:lifecycle-livedata-core:2.0.0] AndroidManifest.xml:17:1-22:12
MERGED from [androidx.arch.core:core-runtime:2.0.0] AndroidManifest.xml:17:1-22:12
MERGED from [androidx.documentfile:documentfile:1.0.0] AndroidManifest.xml:17:1-22:12
MERGED from [androidx.localbroadcastmanager:localbroadcastmanager:1.0.0] AndroidManifest.xml:17:1-22:12
MERGED from [androidx.print:print:1.0.0] AndroidManifest.xml:17:1-22:12
MERGED from [androidx.versionedparcelable:versionedparcelable:1.1.0-alpha02] AndroidManifest.xml:17:1-25:12
MERGED from [androidx.lifecycle:lifecycle-runtime:2.1.0-alpha04] AndroidManifest.xml:17:1-22:12
MERGED from [androidx.lifecycle:lifecycle-viewmodel:2.1.0-alpha04] AndroidManifest.xml:17:1-22:12
INJECTED from src\main\AndroidManifest.xml:2:1-206:12
INJECTED from src\main\AndroidManifest.xml:2:1-206:12
INJECTED from src\main\AndroidManifest.xml:2:1-206:12
	package
		ADDED from src\main\AndroidManifest.xml:3:5-37
		INJECTED from src\main\AndroidManifest.xml
		INJECTED from src\main\AndroidManifest.xml
	android:versionName
		INJECTED from src\main\AndroidManifest.xml
		ADDED from src\main\AndroidManifest.xml:2:1-206:12
		INJECTED from src\main\AndroidManifest.xml
	android:versionCode
		INJECTED from src\main\AndroidManifest.xml
		ADDED from src\main\AndroidManifest.xml:2:1-206:12
		INJECTED from src\main\AndroidManifest.xml
	xmlns:android
		ADDED from src\main\AndroidManifest.xml:2:11-69
uses-permission#android.permission.INTERNET
ADDED from src\main\AndroidManifest.xml:5:5-67
MERGED from [net.gotev:uploadservice:3.0] AndroidManifest.xml:11:5-67
MERGED from [net.gotev:uploadservice:3.0] AndroidManifest.xml:11:5-67
MERGED from [com.google.firebase:firebase-analytics:11.0.0] AndroidManifest.xml:20:5-66
MERGED from [com.google.firebase:firebase-analytics:11.0.0] AndroidManifest.xml:20:5-66
MERGED from [com.google.firebase:firebase-analytics-impl:11.0.0] AndroidManifest.xml:20:5-66
MERGED from [com.google.firebase:firebase-analytics-impl:11.0.0] AndroidManifest.xml:20:5-66
MERGED from [com.google.firebase:firebase-iid:11.0.0] AndroidManifest.xml:20:5-66
MERGED from [com.google.firebase:firebase-iid:11.0.0] AndroidManifest.xml:20:5-66
	android:name
		ADDED from src\main\AndroidManifest.xml:5:22-64
uses-permission#android.permission.READ_EXTERNAL_STORAGE
ADDED from src\main\AndroidManifest.xml:6:5-80
	android:name
		ADDED from src\main\AndroidManifest.xml:6:22-77
uses-permission#android.permission.WRITE_EXTERNAL_STORAGE
ADDED from src\main\AndroidManifest.xml:7:5-81
MERGED from [net.gotev:uploadservice:3.0] AndroidManifest.xml:12:5-81
MERGED from [net.gotev:uploadservice:3.0] AndroidManifest.xml:12:5-81
	android:name
		ADDED from src\main\AndroidManifest.xml:7:22-78
uses-permission#android.permission.READ_LOGS
ADDED from src\main\AndroidManifest.xml:8:5-67
	android:name
		ADDED from src\main\AndroidManifest.xml:8:22-65
uses-permission#android.permission.READ_PHONE_STATE
ADDED from src\main\AndroidManifest.xml:9:5-74
	android:name
		ADDED from src\main\AndroidManifest.xml:9:22-72
uses-permission#android.permission.KILL_BACKGROUND_PROCESSES
ADDED from src\main\AndroidManifest.xml:10:5-84
	android:name
		ADDED from src\main\AndroidManifest.xml:10:22-81
application
ADDED from src\main\AndroidManifest.xml:12:5-204:19
MERGED from [com.google.firebase:firebase-core:11.0.0] AndroidManifest.xml:5:5-20
MERGED from [com.google.firebase:firebase-core:11.0.0] AndroidManifest.xml:5:5-20
MERGED from [net.gotev:uploadservice:3.0] AndroidManifest.xml:15:5-21:19
MERGED from [net.gotev:uploadservice:3.0] AndroidManifest.xml:15:5-21:19
MERGED from [androidx.constraintlayout:constraintlayout:2.0.0-alpha3] AndroidManifest.xml:9:5-20
MERGED from [androidx.constraintlayout:constraintlayout:2.0.0-alpha3] AndroidManifest.xml:9:5-20
MERGED from [com.google.android.material:material:1.1.0-alpha05] AndroidManifest.xml:22:5-20
MERGED from [com.google.android.material:material:1.1.0-alpha05] AndroidManifest.xml:22:5-20
MERGED from [com.android.volley:volley:1.1.0] AndroidManifest.xml:9:5-20
MERGED from [com.android.volley:volley:1.1.0] AndroidManifest.xml:9:5-20
MERGED from [com.google.firebase:firebase-messaging:11.0.0] AndroidManifest.xml:19:5-29:19
MERGED from [com.google.firebase:firebase-messaging:11.0.0] AndroidManifest.xml:19:5-29:19
MERGED from [com.google.android.gms:play-services-safetynet:11.0.0] AndroidManifest.xml:18:5-19
MERGED from [com.google.android.gms:play-services-safetynet:11.0.0] AndroidManifest.xml:18:5-19
MERGED from [com.google.android.gms:play-services-base:11.0.0] AndroidManifest.xml:18:5-20:19
MERGED from [com.google.android.gms:play-services-base:11.0.0] AndroidManifest.xml:18:5-20:19
MERGED from [com.google.firebase:firebase-analytics:11.0.0] AndroidManifest.xml:24:5-34:19
MERGED from [com.google.firebase:firebase-analytics:11.0.0] AndroidManifest.xml:24:5-34:19
MERGED from [com.google.firebase:firebase-analytics-impl:11.0.0] AndroidManifest.xml:24:5-28:19
MERGED from [com.google.firebase:firebase-analytics-impl:11.0.0] AndroidManifest.xml:24:5-28:19
MERGED from [com.google.firebase:firebase-iid:11.0.0] AndroidManifest.xml:28:5-49:19
MERGED from [com.google.firebase:firebase-iid:11.0.0] AndroidManifest.xml:28:5-49:19
MERGED from [com.google.firebase:firebase-common:11.0.0] AndroidManifest.xml:4:5-7:19
MERGED from [com.google.firebase:firebase-common:11.0.0] AndroidManifest.xml:4:5-7:19
MERGED from [com.google.android.gms:play-services-tasks:11.0.0] AndroidManifest.xml:4:5-19
MERGED from [com.google.android.gms:play-services-tasks:11.0.0] AndroidManifest.xml:4:5-19
MERGED from [com.google.android.gms:play-services-basement:11.0.0] AndroidManifest.xml:19:5-21:19
MERGED from [com.google.android.gms:play-services-basement:11.0.0] AndroidManifest.xml:19:5-21:19
MERGED from [androidx.core:core:1.1.0-alpha05] AndroidManifest.xml:22:5-89
MERGED from [androidx.core:core:1.1.0-alpha05] AndroidManifest.xml:22:5-89
MERGED from [androidx.versionedparcelable:versionedparcelable:1.1.0-alpha02] AndroidManifest.xml:22:5-23:19
MERGED from [androidx.versionedparcelable:versionedparcelable:1.1.0-alpha02] AndroidManifest.xml:22:5-23:19
	android:appComponentFactory
		ADDED from [androidx.core:core:1.1.0-alpha05] AndroidManifest.xml:22:18-86
	android:supportsRtl
		ADDED from src\main\AndroidManifest.xml:17:9-35
	android:label
		ADDED from src\main\AndroidManifest.xml:16:9-41
	android:icon
		ADDED from src\main\AndroidManifest.xml:15:9-47
	android:allowBackup
		ADDED from src\main\AndroidManifest.xml:14:9-35
	android:theme
		ADDED from src\main\AndroidManifest.xml:18:9-40
	android:name
		ADDED from src\main\AndroidManifest.xml:13:9-63
activity#chat.atc.tges.tgeschat.LoginTelefonica
ADDED from src\main\AndroidManifest.xml:22:9-30:20
	android:screenOrientation
		ADDED from src\main\AndroidManifest.xml:23:13-49
	android:noHistory
		ADDED from src\main\AndroidManifest.xml:24:13-37
	android:configChanges
		ADDED from src\main\AndroidManifest.xml:25:13-59
	android:name
		ADDED from src\main\AndroidManifest.xml:22:19-72
intent-filter#action:name:android.intent.action.MAIN+category:name:android.intent.category.LAUNCHER
ADDED from src\main\AndroidManifest.xml:26:13-29:29
action#android.intent.action.MAIN
ADDED from src\main\AndroidManifest.xml:27:17-69
	android:name
		ADDED from src\main\AndroidManifest.xml:27:25-66
category#android.intent.category.LAUNCHER
ADDED from src\main\AndroidManifest.xml:28:17-77
	android:name
		ADDED from src\main\AndroidManifest.xml:28:27-74
activity#chat.atc.tges.tgeschat.SplashActivity
ADDED from src\main\AndroidManifest.xml:32:9-39:20
	android:screenOrientation
		ADDED from src\main\AndroidManifest.xml:33:13-49
	android:noHistory
		ADDED from src\main\AndroidManifest.xml:34:13-37
	android:configChanges
		ADDED from src\main\AndroidManifest.xml:35:13-59
	android:name
		ADDED from src\main\AndroidManifest.xml:32:19-71
intent-filter#action:name:android.intent.action.VIEW
ADDED from src\main\AndroidManifest.xml:36:13-38:29
action#android.intent.action.VIEW
ADDED from src\main\AndroidManifest.xml:37:17-69
	android:name
		ADDED from src\main\AndroidManifest.xml:37:25-66
activity#chat.atc.tges.tgeschat.Login
ADDED from src\main\AndroidManifest.xml:41:9-46:20
	android:name
		ADDED from src\main\AndroidManifest.xml:41:19-62
activity#chat.atc.tges.tgeschat.activity.ActivityVisorVentasFija
ADDED from src\main\AndroidManifest.xml:48:9-56:20
	android:screenOrientation
		ADDED from src\main\AndroidManifest.xml:50:13-49
	android:configChanges
		ADDED from src\main\AndroidManifest.xml:49:13-59
	android:name
		ADDED from src\main\AndroidManifest.xml:48:19-89
activity#chat.atc.tges.tgeschat.activity.ActivityMenu
ADDED from src\main\AndroidManifest.xml:58:9-66:20
	android:screenOrientation
		ADDED from src\main\AndroidManifest.xml:60:13-49
	android:configChanges
		ADDED from src\main\AndroidManifest.xml:59:13-59
	android:name
		ADDED from src\main\AndroidManifest.xml:58:19-78
intent-filter#action:name:android.intent.action.VIEW+category:name:android.intent.category.LAUNCHER
ADDED from src\main\AndroidManifest.xml:61:13-65:29
activity#chat.atc.tges.tgeschat.activity.ActivityMenuIncidencia
ADDED from src\main\AndroidManifest.xml:68:9-76:20
	android:screenOrientation
		ADDED from src\main\AndroidManifest.xml:70:13-49
	android:configChanges
		ADDED from src\main\AndroidManifest.xml:69:13-59
	android:name
		ADDED from src\main\AndroidManifest.xml:68:19-88
activity#chat.atc.tges.tgeschat.activity.ActivityConsultaTicket
ADDED from src\main\AndroidManifest.xml:78:9-83:20
	android:screenOrientation
		ADDED from src\main\AndroidManifest.xml:78:89-125
	android:configChanges
		ADDED from src\main\AndroidManifest.xml:78:126-172
	android:name
		ADDED from src\main\AndroidManifest.xml:78:19-88
intent-filter#action:name:android.intent.action.VIEW+category:name:android.intent.category.DEFAULT
ADDED from src\main\AndroidManifest.xml:79:13-82:29
category#android.intent.category.DEFAULT
ADDED from src\main\AndroidManifest.xml:81:17-75
	android:name
		ADDED from src\main\AndroidManifest.xml:81:27-73
activity#chat.atc.tges.tgeschat.bandeja.BandejaActivityTest
ADDED from src\main\AndroidManifest.xml:85:9-89:20
	android:name
		ADDED from src\main\AndroidManifest.xml:85:19-84
activity#chat.atc.tges.tgeschat.activity.ActivityVentasFija
ADDED from src\main\AndroidManifest.xml:91:9-98:20
	android:screenOrientation
		ADDED from src\main\AndroidManifest.xml:93:13-49
	android:configChanges
		ADDED from src\main\AndroidManifest.xml:92:13-59
	android:name
		ADDED from src\main\AndroidManifest.xml:91:19-84
activity#chat.atc.tges.tgeschat.FormularioValidacion
ADDED from src\main\AndroidManifest.xml:100:9-109:20
	android:screenOrientation
		ADDED from src\main\AndroidManifest.xml:103:13-49
	android:configChanges
		ADDED from src\main\AndroidManifest.xml:102:13-59
	android:theme
		ADDED from src\main\AndroidManifest.xml:104:13-55
	android:name
		ADDED from src\main\AndroidManifest.xml:101:13-71
activity#chat.atc.tges.tgeschat.activity.ActivityDetalleTicket
ADDED from src\main\AndroidManifest.xml:111:9-115:20
	android:screenOrientation
		ADDED from src\main\AndroidManifest.xml:111:88-124
	android:configChanges
		ADDED from src\main\AndroidManifest.xml:111:125-171
	android:name
		ADDED from src\main\AndroidManifest.xml:111:19-87
activity#chat.atc.tges.tgeschat.FormularioOffLine
ADDED from src\main\AndroidManifest.xml:117:9-121:20
	android:screenOrientation
		ADDED from src\main\AndroidManifest.xml:117:75-111
	android:configChanges
		ADDED from src\main\AndroidManifest.xml:117:112-158
	android:name
		ADDED from src\main\AndroidManifest.xml:117:19-74
activity#chat.atc.tges.tgeschat.PopupFormularioOffLine
ADDED from src\main\AndroidManifest.xml:123:9-127:20
	android:screenOrientation
		ADDED from src\main\AndroidManifest.xml:123:137-173
	android:configChanges
		ADDED from src\main\AndroidManifest.xml:123:174-220
	android:theme
		ADDED from src\main\AndroidManifest.xml:123:80-136
	android:name
		ADDED from src\main\AndroidManifest.xml:123:19-79
activity#chat.atc.tges.tgeschat.Mensajes.Mensajeria
ADDED from src\main\AndroidManifest.xml:129:9-138:20
	android:screenOrientation
		ADDED from src\main\AndroidManifest.xml:132:13-49
	android:configChanges
		ADDED from src\main\AndroidManifest.xml:131:13-59
	android:theme
		ADDED from src\main\AndroidManifest.xml:133:13-55
	android:name
		ADDED from src\main\AndroidManifest.xml:130:13-70
activity#chat.atc.tges.tgeschat.BandejaActivity
ADDED from src\main\AndroidManifest.xml:140:9-155:20
	android:configChanges
		ADDED from src\main\AndroidManifest.xml:142:13-59
	android:name
		ADDED from src\main\AndroidManifest.xml:141:13-66
meta-data#android.app.searchable
ADDED from src\main\AndroidManifest.xml:148:13-150:54
	android:resource
		ADDED from src\main\AndroidManifest.xml:150:17-51
	android:name
		ADDED from src\main\AndroidManifest.xml:149:17-54
intent-filter#action:name:android.intent.action.SEARCH
ADDED from src\main\AndroidManifest.xml:152:13-154:29
action#android.intent.action.SEARCH
ADDED from src\main\AndroidManifest.xml:153:17-71
	android:name
		ADDED from src\main\AndroidManifest.xml:153:25-68
activity#chat.atc.tges.tgeschat.BandejaActivity222
ADDED from src\main\AndroidManifest.xml:157:9-173:20
	android:configChanges
		ADDED from src\main\AndroidManifest.xml:158:13-59
	android:name
		ADDED from src\main\AndroidManifest.xml:157:19-75
service#chat.atc.tges.tgeschat.Services.FireBaseId
ADDED from src\main\AndroidManifest.xml:175:9-182:19
	android:enabled
		ADDED from src\main\AndroidManifest.xml:177:13-35
	android:exported
		ADDED from src\main\AndroidManifest.xml:178:13-36
	android:name
		ADDED from src\main\AndroidManifest.xml:176:13-70
intent-filter#action:name:com.google.firebase.INSTANCE_ID_EVENT
ADDED from src\main\AndroidManifest.xml:179:13-181:29
action#com.google.firebase.INSTANCE_ID_EVENT
ADDED from src\main\AndroidManifest.xml:180:17-80
	android:name
		ADDED from src\main\AndroidManifest.xml:180:25-77
service#chat.atc.tges.tgeschat.Services.FireBaseServiceMensajes
ADDED from src\main\AndroidManifest.xml:184:9-191:19
	android:enabled
		ADDED from src\main\AndroidManifest.xml:186:13-35
	android:exported
		ADDED from src\main\AndroidManifest.xml:187:13-36
	android:name
		ADDED from src\main\AndroidManifest.xml:185:13-83
intent-filter#action:name:com.google.firebase.MESSAGING_EVENT
ADDED from src\main\AndroidManifest.xml:188:13-190:29
action#com.google.firebase.MESSAGING_EVENT
ADDED from src\main\AndroidManifest.xml:189:17-78
	android:name
		ADDED from src\main\AndroidManifest.xml:189:25-75
service#chat.atc.tges.tgeschat.Services.OnClearFromRecentService
ADDED from src\main\AndroidManifest.xml:193:9-196:44
	android:enabled
		ADDED from src\main\AndroidManifest.xml:194:13-35
	android:exported
		ADDED from src\main\AndroidManifest.xml:195:13-37
	android:stopWithTask
		ADDED from src\main\AndroidManifest.xml:196:13-41
	android:name
		ADDED from src\main\AndroidManifest.xml:193:18-89
service#chat.atc.tges.tgeschat.Services.RefreshLogCat
ADDED from src\main\AndroidManifest.xml:198:9-200:19
	android:name
		ADDED from src\main\AndroidManifest.xml:199:13-73
uses-sdk
INJECTED from src\main\AndroidManifest.xml reason: use-sdk injection requested
INJECTED from src\main\AndroidManifest.xml
INJECTED from src\main\AndroidManifest.xml
MERGED from [com.google.firebase:firebase-core:11.0.0] AndroidManifest.xml:4:5-43
MERGED from [com.google.firebase:firebase-core:11.0.0] AndroidManifest.xml:4:5-43
MERGED from [net.gotev:uploadservice:3.0] AndroidManifest.xml:7:5-9:41
MERGED from [net.gotev:uploadservice:3.0] AndroidManifest.xml:7:5-9:41
MERGED from [androidx.constraintlayout:constraintlayout:2.0.0-alpha3] AndroidManifest.xml:5:5-7:41
MERGED from [androidx.constraintlayout:constraintlayout:2.0.0-alpha3] AndroidManifest.xml:5:5-7:41
MERGED from [com.google.android.material:material:1.1.0-alpha05] AndroidManifest.xml:20:5-44
MERGED from [com.google.android.material:material:1.1.0-alpha05] AndroidManifest.xml:20:5-44
MERGED from [androidx.appcompat:appcompat:1.1.0-alpha04] AndroidManifest.xml:20:5-44
MERGED from [androidx.appcompat:appcompat:1.1.0-alpha04] AndroidManifest.xml:20:5-44
MERGED from [com.android.volley:volley:1.1.0] AndroidManifest.xml:7:5-43
MERGED from [com.android.volley:volley:1.1.0] AndroidManifest.xml:7:5-43
MERGED from [androidx.cardview:cardview:1.0.0] AndroidManifest.xml:20:5-44
MERGED from [androidx.cardview:cardview:1.0.0] AndroidManifest.xml:20:5-44
MERGED from [androidx.recyclerview:recyclerview:1.1.0-alpha02] AndroidManifest.xml:20:5-44
MERGED from [androidx.recyclerview:recyclerview:1.1.0-alpha02] AndroidManifest.xml:20:5-44
MERGED from [com.google.firebase:firebase-messaging:11.0.0] AndroidManifest.xml:17:5-43
MERGED from [com.google.firebase:firebase-messaging:11.0.0] AndroidManifest.xml:17:5-43
MERGED from [com.jaredrummler:material-spinner:1.3.1] AndroidManifest.xml:5:5-7:41
MERGED from [com.jaredrummler:material-spinner:1.3.1] AndroidManifest.xml:5:5-7:41
MERGED from [com.google.android.gms:play-services-safetynet:11.0.0] AndroidManifest.xml:17:5-43
MERGED from [com.google.android.gms:play-services-safetynet:11.0.0] AndroidManifest.xml:17:5-43
MERGED from [com.google.android.gms:play-services-base:11.0.0] AndroidManifest.xml:17:5-43
MERGED from [com.google.android.gms:play-services-base:11.0.0] AndroidManifest.xml:17:5-43
MERGED from [com.google.firebase:firebase-analytics:11.0.0] AndroidManifest.xml:17:5-43
MERGED from [com.google.firebase:firebase-analytics:11.0.0] AndroidManifest.xml:17:5-43
MERGED from [com.google.firebase:firebase-analytics-impl:11.0.0] AndroidManifest.xml:17:5-43
MERGED from [com.google.firebase:firebase-analytics-impl:11.0.0] AndroidManifest.xml:17:5-43
MERGED from [com.google.firebase:firebase-iid:11.0.0] AndroidManifest.xml:17:5-43
MERGED from [com.google.firebase:firebase-iid:11.0.0] AndroidManifest.xml:17:5-43
MERGED from [com.google.firebase:firebase-common:11.0.0] AndroidManifest.xml:3:5-43
MERGED from [com.google.firebase:firebase-common:11.0.0] AndroidManifest.xml:3:5-43
MERGED from [com.google.android.gms:play-services-tasks:11.0.0] AndroidManifest.xml:3:5-43
MERGED from [com.google.android.gms:play-services-tasks:11.0.0] AndroidManifest.xml:3:5-43
MERGED from [com.google.android.gms:play-services-basement:11.0.0] AndroidManifest.xml:17:5-43
MERGED from [com.google.android.gms:play-services-basement:11.0.0] AndroidManifest.xml:17:5-43
MERGED from [androidx.transition:transition:1.0.1] AndroidManifest.xml:20:5-44
MERGED from [androidx.transition:transition:1.0.1] AndroidManifest.xml:20:5-44
MERGED from [androidx.appcompat:appcompat-resources:1.1.0-alpha04] AndroidManifest.xml:20:5-44
MERGED from [androidx.appcompat:appcompat-resources:1.1.0-alpha04] AndroidManifest.xml:20:5-44
MERGED from [androidx.vectordrawable:vectordrawable-animated:1.1.0-alpha01] AndroidManifest.xml:20:5-44
MERGED from [androidx.vectordrawable:vectordrawable-animated:1.1.0-alpha01] AndroidManifest.xml:20:5-44
MERGED from [androidx.vectordrawable:vectordrawable:1.1.0-alpha01] AndroidManifest.xml:20:5-44
MERGED from [androidx.vectordrawable:vectordrawable:1.1.0-alpha01] AndroidManifest.xml:20:5-44
MERGED from [androidx.legacy:legacy-support-v4:1.0.0-rc01] AndroidManifest.xml:20:5-44
MERGED from [androidx.legacy:legacy-support-v4:1.0.0-rc01] AndroidManifest.xml:20:5-44
MERGED from [androidx.media:media:1.0.0-rc01] AndroidManifest.xml:20:5-44
MERGED from [androidx.media:media:1.0.0-rc01] AndroidManifest.xml:20:5-44
MERGED from [androidx.legacy:legacy-support-core-ui:1.0.0] AndroidManifest.xml:20:5-44
MERGED from [androidx.legacy:legacy-support-core-ui:1.0.0] AndroidManifest.xml:20:5-44
MERGED from [androidx.cursoradapter:cursoradapter:1.0.0] AndroidManifest.xml:20:5-44
MERGED from [androidx.cursoradapter:cursoradapter:1.0.0] AndroidManifest.xml:20:5-44
MERGED from [androidx.drawerlayout:drawerlayout:1.0.0] AndroidManifest.xml:20:5-44
MERGED from [androidx.drawerlayout:drawerlayout:1.0.0] AndroidManifest.xml:20:5-44
MERGED from [androidx.fragment:fragment:1.1.0-alpha06] AndroidManifest.xml:20:5-44
MERGED from [androidx.fragment:fragment:1.1.0-alpha06] AndroidManifest.xml:20:5-44
MERGED from [androidx.viewpager:viewpager:1.0.0] AndroidManifest.xml:20:5-44
MERGED from [androidx.viewpager:viewpager:1.0.0] AndroidManifest.xml:20:5-44
MERGED from [androidx.coordinatorlayout:coordinatorlayout:1.1.0-alpha01] AndroidManifest.xml:20:5-44
MERGED from [androidx.coordinatorlayout:coordinatorlayout:1.1.0-alpha01] AndroidManifest.xml:20:5-44
MERGED from [androidx.slidingpanelayout:slidingpanelayout:1.0.0] AndroidManifest.xml:20:5-44
MERGED from [androidx.slidingpanelayout:slidingpanelayout:1.0.0] AndroidManifest.xml:20:5-44
MERGED from [androidx.customview:customview:1.0.0] AndroidManifest.xml:20:5-44
MERGED from [androidx.customview:customview:1.0.0] AndroidManifest.xml:20:5-44
MERGED from [androidx.swiperefreshlayout:swiperefreshlayout:1.0.0] AndroidManifest.xml:20:5-44
MERGED from [androidx.swiperefreshlayout:swiperefreshlayout:1.0.0] AndroidManifest.xml:20:5-44
MERGED from [androidx.interpolator:interpolator:1.0.0] AndroidManifest.xml:20:5-44
MERGED from [androidx.interpolator:interpolator:1.0.0] AndroidManifest.xml:20:5-44
MERGED from [androidx.legacy:legacy-support-core-utils:1.0.0] AndroidManifest.xml:20:5-44
MERGED from [androidx.legacy:legacy-support-core-utils:1.0.0] AndroidManifest.xml:20:5-44
MERGED from [androidx.loader:loader:1.0.0] AndroidManifest.xml:20:5-44
MERGED from [androidx.loader:loader:1.0.0] AndroidManifest.xml:20:5-44
MERGED from [androidx.activity:activity:1.0.0-alpha06] AndroidManifest.xml:20:5-44
MERGED from [androidx.activity:activity:1.0.0-alpha06] AndroidManifest.xml:20:5-44
MERGED from [androidx.asynclayoutinflater:asynclayoutinflater:1.0.0] AndroidManifest.xml:20:5-44
MERGED from [androidx.asynclayoutinflater:asynclayoutinflater:1.0.0] AndroidManifest.xml:20:5-44
MERGED from [androidx.core:core:1.1.0-alpha05] AndroidManifest.xml:20:5-44
MERGED from [androidx.core:core:1.1.0-alpha05] AndroidManifest.xml:20:5-44
MERGED from [androidx.savedstate:savedstate:1.0.0-alpha02] AndroidManifest.xml:20:5-44
MERGED from [androidx.savedstate:savedstate:1.0.0-alpha02] AndroidManifest.xml:20:5-44
MERGED from [androidx.lifecycle:lifecycle-livedata:2.0.0] AndroidManifest.xml:20:5-44
MERGED from [androidx.lifecycle:lifecycle-livedata:2.0.0] AndroidManifest.xml:20:5-44
MERGED from [androidx.lifecycle:lifecycle-livedata-core:2.0.0] AndroidManifest.xml:20:5-44
MERGED from [androidx.lifecycle:lifecycle-livedata-core:2.0.0] AndroidManifest.xml:20:5-44
MERGED from [androidx.arch.core:core-runtime:2.0.0] AndroidManifest.xml:20:5-44
MERGED from [androidx.arch.core:core-runtime:2.0.0] AndroidManifest.xml:20:5-44
MERGED from [androidx.documentfile:documentfile:1.0.0] AndroidManifest.xml:20:5-44
MERGED from [androidx.documentfile:documentfile:1.0.0] AndroidManifest.xml:20:5-44
MERGED from [androidx.localbroadcastmanager:localbroadcastmanager:1.0.0] AndroidManifest.xml:20:5-44
MERGED from [androidx.localbroadcastmanager:localbroadcastmanager:1.0.0] AndroidManifest.xml:20:5-44
MERGED from [androidx.print:print:1.0.0] AndroidManifest.xml:20:5-44
MERGED from [androidx.print:print:1.0.0] AndroidManifest.xml:20:5-44
MERGED from [androidx.versionedparcelable:versionedparcelable:1.1.0-alpha02] AndroidManifest.xml:20:5-44
MERGED from [androidx.versionedparcelable:versionedparcelable:1.1.0-alpha02] AndroidManifest.xml:20:5-44
MERGED from [androidx.lifecycle:lifecycle-runtime:2.1.0-alpha04] AndroidManifest.xml:20:5-44
MERGED from [androidx.lifecycle:lifecycle-runtime:2.1.0-alpha04] AndroidManifest.xml:20:5-44
MERGED from [androidx.lifecycle:lifecycle-viewmodel:2.1.0-alpha04] AndroidManifest.xml:20:5-44
MERGED from [androidx.lifecycle:lifecycle-viewmodel:2.1.0-alpha04] AndroidManifest.xml:20:5-44
INJECTED from src\main\AndroidManifest.xml
INJECTED from src\main\AndroidManifest.xml
	android:targetSdkVersion
		INJECTED from src\main\AndroidManifest.xml
		ADDED from src\main\AndroidManifest.xml
		INJECTED from src\main\AndroidManifest.xml
	android:minSdkVersion
		INJECTED from src\main\AndroidManifest.xml
		ADDED from src\main\AndroidManifest.xml
		INJECTED from src\main\AndroidManifest.xml
uses-permission#android.permission.WAKE_LOCK
ADDED from [net.gotev:uploadservice:3.0] AndroidManifest.xml:13:5-68
MERGED from [com.google.firebase:firebase-analytics:11.0.0] AndroidManifest.xml:22:5-67
MERGED from [com.google.firebase:firebase-analytics:11.0.0] AndroidManifest.xml:22:5-67
MERGED from [com.google.firebase:firebase-analytics-impl:11.0.0] AndroidManifest.xml:22:5-67
MERGED from [com.google.firebase:firebase-analytics-impl:11.0.0] AndroidManifest.xml:22:5-67
MERGED from [com.google.firebase:firebase-iid:11.0.0] AndroidManifest.xml:21:5-67
MERGED from [com.google.firebase:firebase-iid:11.0.0] AndroidManifest.xml:21:5-67
	android:name
		ADDED from [net.gotev:uploadservice:3.0] AndroidManifest.xml:13:22-65
service#net.gotev.uploadservice.UploadService
ADDED from [net.gotev:uploadservice:3.0] AndroidManifest.xml:16:9-20:19
	android:enabled
		ADDED from [net.gotev:uploadservice:3.0] AndroidManifest.xml:18:13-35
	android:exported
		ADDED from [net.gotev:uploadservice:3.0] AndroidManifest.xml:19:13-36
	android:name
		ADDED from [net.gotev:uploadservice:3.0] AndroidManifest.xml:17:13-65
service#com.google.firebase.messaging.FirebaseMessagingService
ADDED from [com.google.firebase:firebase-messaging:11.0.0] AndroidManifest.xml:23:9-27:19
	android:exported
		ADDED from [com.google.firebase:firebase-messaging:11.0.0] AndroidManifest.xml:23:88-111
	android:name
		ADDED from [com.google.firebase:firebase-messaging:11.0.0] AndroidManifest.xml:23:18-87
activity#com.google.android.gms.common.api.GoogleApiActivity
ADDED from [com.google.android.gms:play-services-base:11.0.0] AndroidManifest.xml:19:9-172
	android:exported
		ADDED from [com.google.android.gms:play-services-base:11.0.0] AndroidManifest.xml:19:146-170
	android:theme